[2026-04-15 16:42:12] [INFO] Log file: D:\zolbayar\dahua-service\target\release\launcher.log
[2026-04-15 16:42:12] [INFO] Launcher: starting both services...
[2026-04-15 16:42:13] [INFO] [parking-service] Started (pid=22976)
[2026-04-15 16:42:16] [INFO] [dahua-service] Started (pid=1624)
[2026-04-15 16:42:16] [WARN] [parking-service] Exited with status exit code: 101
[2026-04-15 16:42:21] [WARN] [parking-service] Exited with status exit code: 101
[2026-04-15 16:42:21] [WARN] [parking-service] Not running — restarting...
[2026-04-15 16:42:21] [INFO] [parking-service] Started (pid=16288)
[2026-04-15 16:42:26] [INFO] Launcher: stop дохио — хоёр процессыг зогсооно
[2026-04-15 16:42:26] [INFO] [dahua-service] Killed
[2026-04-15 16:42:26] [INFO] [parking-service] Killed
[2026-04-15 16:44:05] [INFO] Log file: D:\zolbayar\dahua-service\target\release\launcher.log
[2026-04-15 16:44:05] [INFO] Launcher: starting both services...
[2026-04-15 16:44:06] [INFO] [parking-service] Started (pid=21064)
[2026-04-15 16:44:08] [INFO] [dahua-service] Started (pid=26860)
[2026-04-15 16:44:08] [WARN] [parking-service] Exited with status exit code: 101
[2026-04-15 16:44:13] [WARN] [parking-service] Exited with status exit code: 101
[2026-04-15 16:44:13] [WARN] [parking-service] Not running — restarting...
[2026-04-15 16:44:14] [INFO] [parking-service] Started (pid=17468)
[2026-04-15 16:44:19] [WARN] [parking-service] Exited with status exit code: 101
[2026-04-15 16:44:25] [WARN] [parking-service] Not running — restarting...
[2026-04-15 16:44:26] [INFO] [parking-service] Started (pid=18840)
[2026-04-15 16:44:31] [WARN] [parking-service] Exited with status exit code: 101
[2026-04-15 16:44:31] [WARN] [parking-service] Not running — restarting...
[2026-04-15 16:44:32] [INFO] [parking-service] Started (pid=23996)
[2026-04-15 16:44:37] [WARN] [parking-service] Exited with status exit code: 101
[2026-04-15 16:44:37] [WARN] [parking-service] Not running — restarting...
[2026-04-15 16:44:37] [INFO] [parking-service] Started (pid=26672)
[2026-04-15 16:44:42] [WARN] [parking-service] Exited with status exit code: 101
[2026-04-15 16:44:42] [WARN] [parking-service] Not running — restarting...
[2026-04-15 16:44:43] [INFO] [parking-service] Started (pid=14088)
[2026-04-15 16:44:48] [WARN] [parking-service] Exited with status exit code: 101
[2026-04-15 16:44:48] [WARN] [parking-service] Not running — restarting...
[2026-04-15 16:44:48] [INFO] [parking-service] Started (pid=26680)
[2026-04-15 16:44:53] [WARN] [parking-service] Exited with status exit code: 101
[2026-04-15 16:44:53] [WARN] [parking-service] Not running — restarting...
[2026-04-15 16:44:54] [INFO] [parking-service] Started (pid=9096)
[2026-04-15 16:44:59] [WARN] [parking-service] Exited with status exit code: 101
[2026-04-15 16:44:59] [WARN] [parking-service] Not running — restarting...
[2026-04-15 16:45:00] [INFO] [parking-service] Started (pid=18932)
[2026-04-15 16:45:05] [WARN] [parking-service] Exited with status exit code: 101
[2026-04-15 16:45:05] [WARN] [parking-service] Not running — restarting...
[2026-04-15 16:45:05] [INFO] [parking-service] Started (pid=24872)
[2026-04-15 16:45:10] [WARN] [parking-service] Exited with status exit code: 101
[2026-04-15 16:45:10] [WARN] [parking-service] Not running — restarting...
[2026-04-15 16:45:11] [INFO] [parking-service] Started (pid=2588)
[2026-04-15 16:45:16] [WARN] [parking-service] Exited with status exit code: 101
[2026-04-15 16:45:16] [WARN] [parking-service] Not running — restarting...
[2026-04-15 16:45:17] [INFO] [parking-service] Started (pid=1092)
[2026-04-15 16:45:22] [WARN] [parking-service] Exited with status exit code: 101
[2026-04-15 16:45:22] [WARN] [parking-service] Not running — restarting...
[2026-04-15 16:45:22] [INFO] [parking-service] Started (pid=3852)
[2026-04-15 16:45:27] [WARN] [parking-service] Exited with status exit code: 101
[2026-04-15 16:45:27] [WARN] [parking-service] Not running — restarting...
[2026-04-15 16:45:28] [INFO] [parking-service] Started (pid=12200)
[2026-04-15 16:45:33] [WARN] [parking-service] Exited with status exit code: 101
[2026-04-15 16:45:33] [WARN] [parking-service] Not running — restarting...
[2026-04-15 16:45:34] [INFO] [parking-service] Started (pid=1800)
[2026-04-15 16:45:39] [WARN] [parking-service] Exited with status exit code: 101
[2026-04-15 16:45:39] [WARN] [parking-service] Not running — restarting...
[2026-04-15 16:45:39] [INFO] [parking-service] Started (pid=23664)
[2026-04-15 16:45:44] [WARN] [parking-service] Exited with status exit code: 101
[2026-04-15 16:45:44] [WARN] [parking-service] Not running — restarting...
[2026-04-15 16:45:45] [INFO] [parking-service] Started (pid=23056)
[2026-04-15 16:45:50] [WARN] [parking-service] Exited with status exit code: 101
[2026-04-15 16:45:50] [WARN] [parking-service] Not running — restarting...
[2026-04-15 16:45:50] [INFO] [parking-service] Started (pid=23296)
[2026-04-15 16:45:55] [WARN] [parking-service] Exited with status exit code: 101
[2026-04-15 16:45:55] [WARN] [parking-service] Not running — restarting...
[2026-04-15 16:45:56] [INFO] [parking-service] Started (pid=15200)
[2026-04-15 16:46:01] [WARN] [parking-service] Exited with status exit code: 101
[2026-04-15 16:46:01] [WARN] [parking-service] Not running — restarting...
[2026-04-15 16:46:02] [INFO] [parking-service] Started (pid=27484)
[2026-04-15 16:46:07] [WARN] [parking-service] Exited with status exit code: 101
[2026-04-15 16:46:07] [WARN] [parking-service] Not running — restarting...
[2026-04-15 16:46:07] [INFO] [parking-service] Started (pid=12788)
[2026-04-15 16:46:12] [WARN] [parking-service] Exited with status exit code: 101
[2026-04-15 16:46:12] [WARN] [parking-service] Not running — restarting...
[2026-04-15 16:46:13] [INFO] [parking-service] Started (pid=24316)
[2026-04-15 16:46:18] [WARN] [parking-service] Exited with status exit code: 101
[2026-04-15 16:46:18] [WARN] [parking-service] Not running — restarting...
[2026-04-15 16:46:19] [INFO] [parking-service] Started (pid=2036)
[2026-04-15 16:46:24] [WARN] [parking-service] Exited with status exit code: 101
[2026-04-15 16:46:24] [WARN] [parking-service] Not running — restarting...
[2026-04-15 16:46:24] [INFO] [parking-service] Started (pid=22272)
[2026-04-15 16:46:29] [WARN] [parking-service] Exited with status exit code: 101
[2026-04-15 16:46:29] [WARN] [parking-service] Not running — restarting...
[2026-04-15 16:46:30] [INFO] [parking-service] Started (pid=22564)
[2026-04-15 16:46:35] [WARN] [parking-service] Exited with status exit code: 101
[2026-04-15 16:46:35] [WARN] [parking-service] Not running — restarting...
[2026-04-15 16:46:36] [INFO] [parking-service] Started (pid=11284)
[2026-04-15 16:46:41] [WARN] [parking-service] Exited with status exit code: 101
[2026-04-15 16:46:41] [WARN] [parking-service] Not running — restarting...
[2026-04-15 16:46:41] [INFO] [parking-service] Started (pid=14156)
[2026-04-15 16:46:46] [WARN] [parking-service] Exited with status exit code: 101
[2026-04-15 16:46:46] [WARN] [parking-service] Not running — restarting...
[2026-04-15 16:46:47] [INFO] [parking-service] Started (pid=25324)
[2026-04-15 16:46:52] [WARN] [parking-service] Exited with status exit code: 101
[2026-04-15 16:46:52] [WARN] [parking-service] Not running — restarting...
[2026-04-15 16:46:53] [INFO] [parking-service] Started (pid=24512)
[2026-04-15 16:46:58] [WARN] [parking-service] Exited with status exit code: 101
[2026-04-15 16:46:58] [WARN] [parking-service] Not running — restarting...
[2026-04-15 16:46:58] [INFO] [parking-service] Started (pid=19876)
[2026-04-15 16:47:03] [WARN] [parking-service] Exited with status exit code: 101
[2026-04-15 16:47:03] [WARN] [parking-service] Not running — restarting...
[2026-04-15 16:47:04] [INFO] [parking-service] Started (pid=2356)
[2026-04-15 16:47:09] [WARN] [parking-service] Exited with status exit code: 101
[2026-04-15 16:47:09] [WARN] [parking-service] Not running — restarting...
[2026-04-15 16:47:09] [INFO] [parking-service] Started (pid=3792)
[2026-04-15 16:47:14] [WARN] [parking-service] Exited with status exit code: 101
[2026-04-15 16:47:14] [WARN] [parking-service] Not running — restarting...
[2026-04-15 16:47:15] [INFO] [parking-service] Started (pid=1492)
[2026-04-15 16:47:20] [WARN] [parking-service] Exited with status exit code: 101
[2026-04-15 16:47:20] [WARN] [parking-service] Not running — restarting...
[2026-04-15 16:47:21] [INFO] [parking-service] Started (pid=23004)
[2026-04-15 16:47:26] [WARN] [parking-service] Exited with status exit code: 101
[2026-04-15 16:47:26] [WARN] [parking-service] Not running — restarting...
[2026-04-15 16:47:26] [INFO] [parking-service] Started (pid=24664)
[2026-04-15 16:47:31] [WARN] [parking-service] Exited with status exit code: 101
[2026-04-15 16:47:31] [WARN] [parking-service] Not running — restarting...
[2026-04-15 16:47:32] [INFO] [parking-service] Started (pid=14208)
[2026-04-15 16:47:37] [WARN] [parking-service] Exited with status exit code: 101
[2026-04-15 16:47:37] [WARN] [parking-service] Not running — restarting...
[2026-04-15 16:47:38] [INFO] [parking-service] Started (pid=14408)
[2026-04-15 16:47:43] [WARN] [parking-service] Exited with status exit code: 101
[2026-04-15 16:47:43] [WARN] [parking-service] Not running — restarting...
[2026-04-15 16:47:43] [INFO] [parking-service] Started (pid=26876)
[2026-04-15 16:47:48] [WARN] [parking-service] Exited with status exit code: 101
[2026-04-15 16:47:48] [WARN] [parking-service] Not running — restarting...
[2026-04-15 16:47:49] [INFO] [parking-service] Started (pid=24132)
[2026-04-15 16:47:54] [WARN] [parking-service] Exited with status exit code: 101
[2026-04-15 16:47:54] [WARN] [parking-service] Not running — restarting...
[2026-04-15 16:47:54] [INFO] [parking-service] Started (pid=18932)
[2026-04-15 16:47:59] [WARN] [parking-service] Exited with status exit code: 101
[2026-04-15 16:47:59] [WARN] [parking-service] Not running — restarting...
[2026-04-15 16:48:00] [INFO] [parking-service] Started (pid=16624)
[2026-04-15 16:48:05] [WARN] [parking-service] Exited with status exit code: 101
[2026-04-15 16:48:05] [WARN] [parking-service] Not running — restarting...
[2026-04-15 16:48:06] [INFO] [parking-service] Started (pid=7356)
[2026-04-15 16:48:11] [WARN] [parking-service] Exited with status exit code: 101
[2026-04-15 16:48:11] [WARN] [parking-service] Not running — restarting...
[2026-04-15 16:48:11] [INFO] [parking-service] Started (pid=15480)
[2026-04-15 16:48:16] [WARN] [parking-service] Exited with status exit code: 101
[2026-04-15 16:48:16] [WARN] [parking-service] Not running — restarting...
[2026-04-15 16:48:17] [INFO] [parking-service] Started (pid=19228)
[2026-04-15 16:48:22] [WARN] [parking-service] Exited with status exit code: 101
[2026-04-15 16:48:22] [WARN] [parking-service] Not running — restarting...
[2026-04-15 16:48:23] [INFO] [parking-service] Started (pid=20028)
[2026-04-15 16:48:28] [WARN] [parking-service] Exited with status exit code: 101
[2026-04-15 16:48:28] [WARN] [parking-service] Not running — restarting...
[2026-04-15 16:48:28] [INFO] [parking-service] Started (pid=8268)
[2026-04-15 16:48:33] [WARN] [parking-service] Exited with status exit code: 101
[2026-04-15 16:48:33] [WARN] [parking-service] Not running — restarting...
[2026-04-15 16:48:34] [INFO] [parking-service] Started (pid=3208)
[2026-04-15 16:48:39] [WARN] [parking-service] Exited with status exit code: 101
[2026-04-15 16:48:39] [WARN] [parking-service] Not running — restarting...
[2026-04-15 16:48:39] [INFO] [parking-service] Started (pid=23608)
[2026-04-15 16:48:44] [WARN] [parking-service] Exited with status exit code: 101
[2026-04-15 16:48:44] [WARN] [parking-service] Not running — restarting...
[2026-04-15 16:48:45] [INFO] [parking-service] Started (pid=28612)
[2026-04-15 16:48:50] [WARN] [parking-service] Exited with status exit code: 101
[2026-04-15 16:48:50] [WARN] [parking-service] Not running — restarting...
[2026-04-15 16:48:51] [INFO] [parking-service] Started (pid=22068)
[2026-04-15 16:48:56] [WARN] [parking-service] Exited with status exit code: 101
[2026-04-15 16:48:56] [WARN] [parking-service] Not running — restarting...
[2026-04-15 16:48:56] [INFO] [parking-service] Started (pid=28064)
[2026-04-15 16:49:01] [WARN] [parking-service] Exited with status exit code: 101
[2026-04-15 16:49:01] [WARN] [parking-service] Not running — restarting...
[2026-04-15 16:49:02] [INFO] [parking-service] Started (pid=26724)
[2026-04-15 16:49:07] [WARN] [parking-service] Exited with status exit code: 101
[2026-04-15 16:49:07] [WARN] [parking-service] Not running — restarting...
[2026-04-15 16:49:07] [INFO] [parking-service] Started (pid=27552)
[2026-04-15 16:49:12] [WARN] [parking-service] Exited with status exit code: 101
[2026-04-15 16:49:12] [WARN] [parking-service] Not running — restarting...
[2026-04-15 16:49:13] [INFO] [parking-service] Started (pid=25324)
[2026-04-15 16:49:18] [WARN] [parking-service] Exited with status exit code: 101
[2026-04-15 16:49:18] [WARN] [parking-service] Not running — restarting...
[2026-04-15 16:49:19] [INFO] [parking-service] Started (pid=17480)
[2026-04-15 16:49:24] [WARN] [parking-service] Exited with status exit code: 101
[2026-04-15 16:49:24] [WARN] [parking-service] Not running — restarting...
[2026-04-15 16:49:24] [INFO] [parking-service] Started (pid=2988)
[2026-04-15 16:49:29] [WARN] [parking-service] Exited with status exit code: 101
[2026-04-15 16:49:29] [WARN] [parking-service] Not running — restarting...
[2026-04-15 16:49:30] [INFO] [parking-service] Started (pid=25244)
[2026-04-15 16:49:35] [WARN] [parking-service] Exited with status exit code: 101
[2026-04-15 16:49:35] [WARN] [parking-service] Not running — restarting...
[2026-04-15 16:49:36] [INFO] [parking-service] Started (pid=1944)
[2026-04-15 16:49:41] [INFO] Launcher: stop дохио — хоёр процессыг зогсооно
[2026-04-15 16:49:41] [INFO] [dahua-service] Killed
[2026-04-15 16:49:41] [INFO] [parking-service] Killed
[2026-04-15 16:50:42] [INFO] Log file: D:\zolbayar\dahua-service\target\release\launcher.log
[2026-04-15 16:50:42] [INFO] Launcher: starting both services...
[2026-04-15 16:50:43] [INFO] [parking-service] Started (pid=23160)
[2026-04-15 16:50:46] [INFO] [dahua-service] Started (pid=15976)
[2026-04-15 16:51:41] [INFO] Launcher: stop дохио — хоёр процессыг зогсооно
[2026-04-15 16:51:41] [INFO] [dahua-service] Killed
[2026-04-15 16:51:41] [INFO] [parking-service] Killed
[2026-04-15 16:55:49] [INFO] Log file: D:\zolbayar\dahua-service\target\release\launcher.log
[2026-04-15 16:55:49] [INFO] Launcher: starting both services...
[2026-04-15 16:55:50] [INFO] [parking-service] Started (pid=9532)
[2026-04-15 16:55:53] [INFO] [dahua-service] Started (pid=19424)
[2026-04-15 16:57:33] [INFO] Launcher: stop дохио — хоёр процессыг зогсооно
[2026-04-15 16:57:33] [INFO] [dahua-service] Killed
[2026-04-15 16:57:33] [INFO] [parking-service] Killed
[2026-04-15 16:57:35] [INFO] Log file: D:\zolbayar\dahua-service\target\release\launcher.log
[2026-04-15 16:57:35] [INFO] Launcher: starting both services...
[2026-04-15 16:57:36] [INFO] [parking-service] Started (pid=18588)
[2026-04-15 16:57:39] [INFO] [dahua-service] Started (pid=26352)
[2026-04-16 09:22:09] [INFO] Log file: D:\zolbayar\dahua-service\target\release\launcher.log
[2026-04-16 09:22:09] [INFO] Launcher: starting both services...
[2026-04-16 09:22:10] [INFO] [parking-service] Started (pid=19808)
[2026-04-16 09:22:13] [INFO] [dahua-service] Started (pid=11492)
[2026-04-16 09:24:03] [INFO] Launcher: stop дохио — хоёр процессыг зогсооно
[2026-04-16 09:24:03] [INFO] [dahua-service] Killed
[2026-04-16 09:24:03] [INFO] [parking-service] Killed
[2026-04-16 09:38:57] [INFO] Log file: D:\zolbayar\dahua-service\target\release\launcher.log
[2026-04-16 09:38:57] [INFO] Launcher: starting both services...
[2026-04-16 09:38:58] [INFO] [parking-service] Started (pid=4996)
[2026-04-16 09:39:01] [INFO] [dahua-service] Started (pid=5296)
[2026-04-16 09:52:11] [INFO] Launcher: stop дохио — хоёр процессыг зогсооно
[2026-04-16 09:52:11] [INFO] [dahua-service] Killed
[2026-04-16 09:52:11] [INFO] [parking-service] Killed
[2026-04-16 09:53:52] [INFO] Log file: D:\zolbayar\dahua-service\target\release\launcher.log
[2026-04-16 09:53:52] [INFO] Launcher: starting both services...
[2026-04-16 09:53:53] [INFO] [parking-service] Started (pid=7028)
[2026-04-16 09:53:55] [INFO] [dahua-service] Started (pid=5116)
[2026-04-16 09:57:00] [INFO] Launcher: stop дохио — хоёр процессыг зогсооно
[2026-04-16 09:57:00] [INFO] [dahua-service] Killed
[2026-04-16 09:57:00] [INFO] [parking-service] Killed
[2026-04-16 10:00:37] [INFO] Log file: D:\zolbayar\dahua-service\target\release\launcher.log
[2026-04-16 10:00:37] [INFO] Launcher: starting both services...
[2026-04-16 10:00:37] [INFO] [parking-service] Started (pid=19872)
[2026-04-16 10:00:40] [INFO] [dahua-service] Started (pid=5016)
[2026-04-16 10:01:05] [INFO] Launcher: stop дохио — хоёр процессыг зогсооно
[2026-04-16 10:01:05] [INFO] [dahua-service] Killed
[2026-04-16 10:01:05] [INFO] [parking-service] Killed
[2026-04-16 10:02:43] [INFO] Log file: D:\zolbayar\dahua-service\target\release\launcher.log
[2026-04-16 10:02:43] [INFO] Launcher: starting both services...
[2026-04-16 10:02:44] [INFO] [parking-service] Started (pid=9064)
[2026-04-16 10:02:46] [INFO] [dahua-service] Started (pid=8424)
[2026-04-16 10:05:11] [INFO] Launcher: stop дохио — хоёр процессыг зогсооно
[2026-04-16 10:05:11] [INFO] [dahua-service] Killed
[2026-04-16 10:05:11] [INFO] [parking-service] Killed
[2026-04-16 10:07:35] [INFO] Log file: D:\zolbayar\dahua-service\target\release\launcher.log
[2026-04-16 10:07:35] [INFO] Launcher: starting both services...
[2026-04-16 10:07:36] [INFO] [parking-service] Started (pid=24080)
[2026-04-16 10:07:39] [INFO] [dahua-service] Started (pid=7848)
[2026-04-16 10:09:14] [INFO] Launcher: stop дохио — хоёр процессыг зогсооно
[2026-04-16 10:09:14] [INFO] [dahua-service] Killed
[2026-04-16 10:09:14] [INFO] [parking-service] Killed
[2026-04-16 10:18:51] [INFO] Log file: D:\zolbayar\dahua-service\target\release\launcher.log
[2026-04-16 10:18:51] [INFO] Launcher: starting both services...
[2026-04-16 10:18:51] [INFO] [parking-service] Started (pid=25504)
[2026-04-16 10:18:54] [INFO] [dahua-service] Started (pid=21332)
[2026-04-16 10:26:19] [INFO] Launcher: stop дохио — хоёр процессыг зогсооно
[2026-04-16 10:26:19] [INFO] [dahua-service] Killed
[2026-04-16 10:26:19] [INFO] [parking-service] Killed
[2026-04-16 10:26:21] [INFO] Log file: D:\zolbayar\dahua-service\target\release\launcher.log
[2026-04-16 10:26:21] [INFO] Launcher: starting both services...
[2026-04-16 10:26:21] [INFO] [parking-service] Started (pid=17952)
[2026-04-16 10:26:24] [INFO] [dahua-service] Started (pid=8708)
[2026-04-16 11:41:00] [INFO] Launcher: stop дохио — хоёр процессыг зогсооно
[2026-04-16 11:41:00] [INFO] [dahua-service] Killed
[2026-04-16 11:41:00] [INFO] [parking-service] Killed
[2026-04-16 11:41:38] [INFO] Log file: D:\zolbayar\dahua-service\target\release\launcher.log
[2026-04-16 11:41:38] [INFO] Launcher: starting both services...
[2026-04-16 11:41:39] [INFO] [parking-service] Started (pid=23084)
[2026-04-16 11:41:41] [INFO] [dahua-service] Started (pid=8576)
[2026-04-16 14:14:42] [INFO] Launcher: stop дохио — хоёр процессыг зогсооно
[2026-04-16 14:14:42] [INFO] [dahua-service] Killed
[2026-04-16 14:14:42] [INFO] [parking-service] Killed
[2026-04-16 14:26:15] [INFO] Log file: D:\zolbayar\dahua-service\target\release\launcher.log
[2026-04-16 14:26:15] [INFO] Launcher: starting both services...
[2026-04-16 14:26:16] [INFO] [parking-service] Started (pid=11028)
[2026-04-16 14:26:19] [INFO] [dahua-service] Started (pid=5372)
[2026-04-16 14:27:54] [INFO] Launcher: stop дохио — хоёр процессыг зогсооно
[2026-04-16 14:27:54] [INFO] [dahua-service] Killed
[2026-04-16 14:27:54] [INFO] [parking-service] Killed
[2026-04-16 14:44:30] [INFO] Log file: D:\zolbayar\dahua-service\target\release\launcher.log
[2026-04-16 14:44:30] [INFO] Launcher: starting both services...
[2026-04-16 14:44:31] [INFO] [parking-service] Started (pid=22808)
[2026-04-16 14:44:34] [INFO] [dahua-service] Started (pid=21296)
[2026-04-16 14:49:34] [INFO] Launcher: stop дохио — хоёр процессыг зогсооно
[2026-04-16 14:49:34] [INFO] [dahua-service] Killed
[2026-04-16 14:49:34] [INFO] [parking-service] Killed
[2026-04-16 16:37:07] [INFO] Log file: D:\zolbayar\dahua-service\target\release\launcher.log
[2026-04-16 16:37:07] [INFO] Launcher: starting both services...
[2026-04-16 16:37:08] [INFO] [parking-service] Started (pid=21288)
[2026-04-16 16:37:10] [INFO] [dahua-service] Started (pid=21600)
[2026-04-17 08:28:49] [INFO] Launcher: stop дохио — хоёр процессыг зогсооно
[2026-04-17 08:28:49] [INFO] [dahua-service] Killed
[2026-04-17 08:28:49] [INFO] [parking-service] Killed
[2026-04-17 14:19:45] [INFO] Log file: D:\zolbayar\zkdahuaRust\target\release\launcher.log
[2026-04-17 14:19:45] [INFO] Launcher: starting both services...
[2026-04-17 14:19:46] [INFO] [parking-service] Started (pid=27468)
[2026-04-17 14:19:49] [INFO] [dahua-service] Started (pid=27536)
[2026-04-17 15:07:49] [INFO] Launcher: stop дохио — хоёр процессыг зогсооно
[2026-04-17 15:07:49] [INFO] [dahua-service] Killed
[2026-04-17 15:07:49] [INFO] [parking-service] Killed
